SF 0
Finding...
5
Find took 29.817 seconds
5
Preverification took 0.26898 seconds
Dynamic check took 0.187496 seconds
5
SF 1
Finding...
5
Find took 20.9697 seconds
5
Preverification took 0.269386 seconds
Dynamic check took 0.188412 seconds
5
SF 2
Finding...
5
Find took 20.9952 seconds
5
Preverification took 0.302872 seconds
Dynamic check took 0.212748 seconds
5
SF 3
Finding...
5
Find took 21.2973 seconds
5
Preverification took 0.268466 seconds
Dynamic check took 0.186887 seconds
5
SF 4
Finding...
5
Find took 21.335 seconds
5
Preverification took 0.268951 seconds
Dynamic check took 0.188767 seconds
5
SF 5
Finding...
5
Find took 21.4343 seconds
5
Preverification took 0.267738 seconds
Dynamic check took 0.187657 seconds
5
SF 6
Finding...
5
Find took 22.4205 seconds
5
Preverification took 0.273095 seconds
Dynamic check took 0.186901 seconds
5
SF 7
Finding...
5
Find took 21.5087 seconds
5
Preverification took 0.271526 seconds
Dynamic check took 0.187159 seconds
5
SF 8
Finding...
5
Find took 22.2753 seconds
5
Preverification took 0.26892 seconds
Dynamic check took 0.191063 seconds
5
SF 9
Finding...
5
Find took 15.6619 seconds
5
Preverification took 0.30245 seconds
Dynamic check took 0.211028 seconds
5
SF 10
Finding...
5
Find took 16.4587 seconds
5
Preverification took 0.268648 seconds
Dynamic check took 0.188666 seconds
5
SF 11
Finding...
5
Find took 16.4442 seconds
5
Preverification took 0.269654 seconds
Dynamic check took 0.187169 seconds
5
SF 12
Finding...
5
Find took 15.5614 seconds
5
Preverification took 0.269239 seconds
Dynamic check took 0.187343 seconds
5
SF 13
Finding...
5
Find took 15.6397 seconds
5
Preverification took 0.268985 seconds
Dynamic check took 0.18712 seconds
5
SF 14
Finding...
5
Find took 15.8941 seconds
5
Preverification took 0.269874 seconds
Dynamic check took 0.187119 seconds
5
SF 15
Finding...
5
Find took 16.4991 seconds
5
Preverification took 0.274218 seconds
Dynamic check took 0.188387 seconds
5
SF 16
Finding...
5
Find took 15.6009 seconds
5
Preverification took 0.270722 seconds
Dynamic check took 0.187149 seconds
5
SF 17
Finding...
5
Find took 16.2907 seconds
5
Preverification took 0.268601 seconds
Dynamic check took 0.188311 seconds
5
SF 18
Finding...
5
Find took 16.4213 seconds
5
Preverification took 0.27045 seconds
Dynamic check took 0.18757 seconds
5
SF 19
Finding...
5
Find took 15.5697 seconds
5
Preverification took 0.268566 seconds
Dynamic check took 0.187091 seconds
5
SF 20
Finding...
5
Find took 15.5603 seconds
5
Preverification took 0.27068 seconds
Dynamic check took 0.188111 seconds
5
SF 21
Finding...
5
Find took 16.2765 seconds
5
Preverification took 0.270593 seconds
Dynamic check took 0.187492 seconds
5
SF 22
Finding...
5
Find took 16.1687 seconds
5
Preverification took 0.26917 seconds
Dynamic check took 0.187379 seconds
5
SF 23
Finding...
5
Find took 16.5459 seconds
5
Preverification took 0.26871 seconds
Dynamic check took 0.187384 seconds
5
SF 24
Finding...
5
Find took 16.3028 seconds
5
Preverification took 0.269153 seconds
Dynamic check took 0.187267 seconds
5
SF 25
Finding...
5
Find took 15.7637 seconds
5
Preverification took 0.294306 seconds
Dynamic check took 0.188659 seconds
5
SF 26
Finding...
5
Find took 15.7882 seconds
5
Preverification took 0.269082 seconds
Dynamic check took 0.187191 seconds
5
SF 27
Finding...
5
Find took 15.91 seconds
5
Preverification took 0.271705 seconds
Dynamic check took 0.187085 seconds
5
SF 28
Finding...
5
Find took 16.2825 seconds
5
Preverification took 0.27586 seconds
Dynamic check took 0.187497 seconds
5
SF 29
Finding...
5
Find took 15.5647 seconds
5
Preverification took 0.273213 seconds
Dynamic check took 0.187819 seconds
5
SF 30
Finding...
5
Find took 15.5807 seconds
5
Preverification took 0.271085 seconds
Dynamic check took 0.187794 seconds
5
SF 31
Finding...
5
Find took 16.2269 seconds
5
Preverification took 0.270066 seconds
Dynamic check took 0.188573 seconds
5
SF 32
Finding...
5
Find took 16.5227 seconds
5
Preverification took 0.269925 seconds
Dynamic check took 0.249351 seconds
5
SF 33
Finding...
5
Find took 16.4127 seconds
5
Preverification took 0.269271 seconds
Dynamic check took 0.187225 seconds
5
SF 34
Finding...
5
Find took 15.5551 seconds
5
Preverification took 0.268897 seconds
Dynamic check took 0.187149 seconds
5
SF 35
Finding...
5
Find took 15.6379 seconds
5
Preverification took 0.270593 seconds
Dynamic check took 0.187735 seconds
5
SF 36
Finding...
5
Find took 16.2159 seconds
5
Preverification took 0.268326 seconds
Dynamic check took 0.18916 seconds
5
SF 37
Finding...
5
Find took 16.0403 seconds
5
Preverification took 0.301155 seconds
Dynamic check took 0.210954 seconds
5
SF 38
Finding...
5
Find took 16.3558 seconds
5
Preverification took 0.270031 seconds
Dynamic check took 0.187655 seconds
5
SF 39
Finding...
5
Find took 15.8989 seconds
5
Preverification took 0.269914 seconds
Dynamic check took 0.193265 seconds
5
SF 40
Finding...
5
Find took 15.615 seconds
5
Preverification took 0.268496 seconds
Dynamic check took 0.187215 seconds
5
SF 41
Finding...
5
Find took 15.721 seconds
5
Preverification took 0.268757 seconds
Dynamic check took 0.187455 seconds
5
SF 42
Finding...
5
Find took 16.5004 seconds
5
Preverification took 0.302866 seconds
Dynamic check took 0.211075 seconds
5
SF 43
Finding...
5
Find took 15.575 seconds
5
Preverification took 0.267949 seconds
Dynamic check took 0.186674 seconds
5
SF 44
Finding...
5
Find took 16.0765 seconds
5
Preverification took 0.267995 seconds
Dynamic check took 0.187506 seconds
5
SF 45
Finding...
5
Find took 16.388 seconds
5
Preverification took 0.301214 seconds
Dynamic check took 0.21132 seconds
5
SF 46
Finding...
5
Find took 16.0192 seconds
5
Preverification took 0.269691 seconds
Dynamic check took 0.189666 seconds
5
SF 47
Finding...
5
Find took 16.4785 seconds
5
Preverification took 0.270008 seconds
Dynamic check took 0.188902 seconds
5
SF 48
Finding...
5
Find took 15.5835 seconds
5
Preverification took 0.268579 seconds
Dynamic check took 0.187132 seconds
5
SF 49
Finding...
203
Find took 13.6601 seconds
5
Preverification took 1.52081 seconds
Dynamic check took 0.511178 seconds
5
SF 50
Finding...
203
Find took 12.8893 seconds
5
Preverification took 1.51185 seconds
Dynamic check took 0.513068 seconds
5
SF 51
Finding...
203
Find took 13.3407 seconds
5
Preverification took 1.51515 seconds
Dynamic check took 0.510699 seconds
5
SF 52
Finding...
203
Find took 13.1256 seconds
5
Preverification took 1.51152 seconds
Dynamic check took 0.510769 seconds
5
SF 53
Finding...
203
Find took 13.7317 seconds
5
Preverification took 1.65303 seconds
Dynamic check took 0.569712 seconds
5
SF 54
Finding...
203
Find took 12.8874 seconds
5
Preverification took 1.50791 seconds
Dynamic check took 0.512607 seconds
5
SF 55
Finding...
203
Find took 13.3436 seconds
5
Preverification took 1.50824 seconds
Dynamic check took 0.510853 seconds
5
SF 56
Finding...
203
Find took 13.5103 seconds
5
Preverification took 1.50664 seconds
Dynamic check took 0.510075 seconds
5
SF 57
Finding...
203
Find took 13.3438 seconds
5
Preverification took 1.508 seconds
Dynamic check took 0.518531 seconds
5
SF 58
Finding...
203
Find took 13.2148 seconds
5
Preverification took 1.51484 seconds
Dynamic check took 0.512043 seconds
5
SF 59
Finding...
203
Find took 13.0643 seconds
5
Preverification took 1.51132 seconds
Dynamic check took 0.511711 seconds
5
SF 60
Finding...
203
Find took 12.8941 seconds
5
Preverification took 1.50983 seconds
Dynamic check took 0.517632 seconds
5
SF 61
Finding...
203
Find took 12.8925 seconds
5
Preverification took 1.5087 seconds
Dynamic check took 0.512679 seconds
5
SF 62
Finding...
203
Find took 13.5324 seconds
5
Preverification took 1.6558 seconds
Dynamic check took 0.513966 seconds
5
SF 63
Finding...
203
Find took 13.5565 seconds
5
Preverification took 1.68963 seconds
Dynamic check took 0.57388 seconds
5
SF 64
Finding...
203
Find took 12.9372 seconds
5
Preverification took 1.50893 seconds
Dynamic check took 0.509667 seconds
5
SF 65
Finding...
203
Find took 14.1606 seconds
5
Preverification took 1.52296 seconds
Dynamic check took 0.509782 seconds
5
SF 66
Finding...
203
Find took 12.9048 seconds
5
Preverification took 1.51174 seconds
Dynamic check took 0.51292 seconds
5
SF 67
Finding...
203
Find took 12.8955 seconds
5
Preverification took 1.5068 seconds
Dynamic check took 0.513282 seconds
5
SF 68
Finding...
203
Find took 12.8939 seconds
5
Preverification took 1.50813 seconds
Dynamic check took 0.510232 seconds
5
SF 69
Finding...
203
Find took 12.9129 seconds
5
Preverification took 1.51832 seconds
Dynamic check took 0.510656 seconds
5
SF 70
Finding...
203
Find took 13.2481 seconds
5
Preverification took 1.52538 seconds
Dynamic check took 0.514135 seconds
5
SF 71
Finding...
203
Find took 13.3205 seconds
5
Preverification took 1.50444 seconds
Dynamic check took 0.523974 seconds
5
SF 72
Finding...
203
Find took 12.8992 seconds
5
Preverification took 1.51326 seconds
Dynamic check took 0.514835 seconds
5
SF 73
Finding...
203
Find took 13.1972 seconds
5
Preverification took 1.51347 seconds
Dynamic check took 0.510075 seconds
5
SF 74
Finding...
203
Find took 12.8845 seconds
5
Preverification took 1.50988 seconds
Dynamic check took 0.513395 seconds
5
SF 75
Finding...
203
Find took 13.2199 seconds
5
Preverification took 1.50771 seconds
Dynamic check took 0.512393 seconds
5
SF 76
Finding...
203
Find took 13.2555 seconds
5
Preverification took 1.68222 seconds
Dynamic check took 0.57315 seconds
5
SF 77
Finding...
203
Find took 13.1329 seconds
5
Preverification took 1.6904 seconds
Dynamic check took 0.573971 seconds
5
SF 78
Finding...
203
Find took 13.0646 seconds
5
Preverification took 1.50743 seconds
Dynamic check took 0.51175 seconds
5
SF 79
Finding...
203
Find took 12.9563 seconds
5
Preverification took 1.50673 seconds
Dynamic check took 0.511025 seconds
5
SF 80
Finding...
203
Find took 13.0425 seconds
5
Preverification took 1.52727 seconds
Dynamic check took 0.510828 seconds
5
SF 81
Finding...
203
Find took 13.2527 seconds
5
Preverification took 1.51393 seconds
Dynamic check took 0.510523 seconds
5
SF 82
Finding...
203
Find took 12.9006 seconds
5
Preverification took 1.51365 seconds
Dynamic check took 0.512914 seconds
5
SF 83
Finding...
203
Find took 12.8831 seconds
5
Preverification took 1.51898 seconds
Dynamic check took 0.510629 seconds
5
SF 84
Finding...
203
Find took 12.891 seconds
5
Preverification took 1.51141 seconds
Dynamic check took 0.510079 seconds
5
SF 85
Finding...
203
Find took 13.2329 seconds
5
Preverification took 1.51827 seconds
Dynamic check took 0.511382 seconds
5
SF 86
Finding...
203
Find took 13.097 seconds
5
Preverification took 1.51104 seconds
Dynamic check took 0.516927 seconds
5
SF 87
Finding...
203
Find took 12.9263 seconds
5
Preverification took 1.51326 seconds
Dynamic check took 0.509828 seconds
5
SF 88
Finding...
203
Find took 12.8807 seconds
5
Preverification took 1.518 seconds
Dynamic check took 0.512144 seconds
5
SF 89
Finding...
203
Find took 12.8883 seconds
5
Preverification took 1.51289 seconds
Dynamic check took 0.516141 seconds
5
SF 90
Finding...
203
Find took 13.0655 seconds
5
Preverification took 1.67225 seconds
Dynamic check took 0.526664 seconds
5
SF 91
Finding...
203
Find took 13.2307 seconds
5
Preverification took 1.52652 seconds
Dynamic check took 0.510684 seconds
5
SF 92
Finding...
203
Find took 13.3233 seconds
5
Preverification took 1.51887 seconds
Dynamic check took 0.511629 seconds
5
SF 93
Finding...
203
Find took 13.2493 seconds
5
Preverification took 1.52151 seconds
Dynamic check took 0.510227 seconds
5
SF 94
Finding...
203
Find took 13.2924 seconds
5
Preverification took 1.51328 seconds
Dynamic check took 0.510901 seconds
5
SF 95
Finding...
203
Find took 13.3645 seconds
5
Preverification took 1.51635 seconds
Dynamic check took 0.516618 seconds
5
SF 96
Finding...
203
Find took 13.4493 seconds
5
Preverification took 1.66672 seconds
Dynamic check took 0.511869 seconds
5
SF 97
Finding...
203
Find took 12.9 seconds
5
Preverification took 1.5138 seconds
Dynamic check took 0.511594 seconds
5
SF 98
Finding...
203
Find took 13.3625 seconds
5
Preverification took 1.52257 seconds
Dynamic check took 0.513184 seconds
5
SF 99
Finding...
203
Find took 12.9049 seconds
5
Preverification took 1.52061 seconds
Dynamic check took 0.511889 seconds
5
SF 100
Finding...
203
Find took 12.8859 seconds
5
Preverification took 1.50951 seconds
Dynamic check took 0.510903 seconds
5
SF 101
Finding...
203
Find took 13.1771 seconds
5
Preverification took 1.51577 seconds
Dynamic check took 0.512176 seconds
5
SF 102
Finding...
203
Find took 13.1744 seconds
5
Preverification took 1.50865 seconds
Dynamic check took 0.513373 seconds
5
SF 103
Finding...
203
Find took 13.2963 seconds
5
Preverification took 1.51302 seconds
Dynamic check took 0.509436 seconds
5
SF 104
Finding...
203
Find took 12.882 seconds
5
Preverification took 1.51789 seconds
Dynamic check took 0.511448 seconds
5
SF 105
Finding...
203
Find took 13.3062 seconds
5
Preverification took 1.55125 seconds
Dynamic check took 0.517597 seconds
5
SF 106
Finding...
203
Find took 13.3436 seconds
5
Preverification took 1.51636 seconds
Dynamic check took 0.511044 seconds
5
SF 107
Finding...
203
Find took 13.3753 seconds
5
Preverification took 1.52287 seconds
Dynamic check took 0.512655 seconds
5
SF 108
Finding...
203
Find took 13.3573 seconds
5
Preverification took 1.51896 seconds
Dynamic check took 0.51316 seconds
5
SF 109
Finding...
203
Find took 13.8601 seconds
5
Preverification took 1.51522 seconds
Dynamic check took 0.510285 seconds
5
SF 110
Finding...
203
Find took 13.7774 seconds
5
Preverification took 1.5202 seconds
Dynamic check took 0.514999 seconds
5
SF 111
Finding...
203
Find took 13.6069 seconds
5
Preverification took 1.68985 seconds
Dynamic check took 0.538406 seconds
5
SF 112
Finding...
203
Find took 12.8986 seconds
5
Preverification took 1.5117 seconds
Dynamic check took 0.511242 seconds
5
SF 113
Finding...
203
Find took 12.9117 seconds
5
Preverification took 1.50777 seconds
Dynamic check took 0.512789 seconds
5
SF 114
Finding...
203
Find took 12.929 seconds
5
Preverification took 1.51422 seconds
Dynamic check took 0.513739 seconds
5
SF 115
Finding...
203
Find took 12.8934 seconds
5
Preverification took 1.52036 seconds
Dynamic check took 0.516273 seconds
5
SF 116
Finding...
203
Find took 12.8893 seconds
5
Preverification took 1.5145 seconds
Dynamic check took 0.512642 seconds
5
SF 117
Finding...
203
Find took 13.3899 seconds
5
Preverification took 1.69397 seconds
Dynamic check took 0.574328 seconds
5
SF 118
Finding...
203
Find took 13.3519 seconds
5
Preverification took 1.5218 seconds
Dynamic check took 0.51162 seconds
5
SF 119
Finding...
203
Find took 13.143 seconds
5
Preverification took 1.55117 seconds
Dynamic check took 0.513483 seconds
5
SF 120
Finding...
203
Find took 12.9285 seconds
5
Preverification took 1.50898 seconds
Dynamic check took 0.510232 seconds
5
SF 121
Finding...
203
Find took 13.2584 seconds
5
Preverification took 1.51599 seconds
Dynamic check took 0.514251 seconds
5
SF 122
Finding...
203
Find took 12.9153 seconds
5
Preverification took 1.50798 seconds
Dynamic check took 0.509911 seconds
5
SF 123
Finding...
203
Find took 12.9114 seconds
5
Preverification took 1.51379 seconds
Dynamic check took 0.568152 seconds
5
SF 124
Finding...
203
Find took 12.9249 seconds
5
Preverification took 1.51864 seconds
Dynamic check took 0.512345 seconds
5
SF 125
Finding...
203
Find took 13.2115 seconds
5
Preverification took 1.53053 seconds
Dynamic check took 0.512646 seconds
5
SF 126
Finding...
203
Find took 13.2319 seconds
5
Preverification took 1.51709 seconds
Dynamic check took 0.510188 seconds
5
SF 127
Finding...
203
Find took 12.908 seconds
5
Preverification took 1.51934 seconds
Dynamic check took 0.511759 seconds
5
SF 128
Finding...
203
Find took 13.3008 seconds
5
Preverification took 1.51591 seconds
Dynamic check took 0.513045 seconds
5
