HR 0
Num of parts: 1
Part size: 16
Finding...
Find took 27.3101 seconds
169
Preverification took 1.08869 seconds
Dynamic check took 0.176266 seconds
5
HR 1
Num of parts: 2
Part size: 8
Finding...
Find took 17.1401 seconds
46663
Preverification took 2.54765 seconds
Dynamic check took 0.176049 seconds
5
HR 2
Num of parts: 2
Part size: 8
Finding...
Find took 17.2072 seconds
46663
Preverification took 2.55421 seconds
Dynamic check took 0.17718 seconds
5
HR 3
Num of parts: 2
Part size: 8
Finding...
Find took 17.1334 seconds
46663
Preverification took 2.5568 seconds
Dynamic check took 0.177673 seconds
5
HR 4
Num of parts: 2
Part size: 8
Finding...
Find took 17.1386 seconds
46663
Preverification took 2.55881 seconds
Dynamic check took 0.176493 seconds
5
HR 5
Num of parts: 2
Part size: 8
Finding...
Find took 17.138 seconds
46663
Preverification took 2.54726 seconds
Dynamic check took 0.176222 seconds
5
HR 6
Num of parts: 2
Part size: 8
Finding...
Find took 17.1145 seconds
46663
Preverification took 2.55119 seconds
Dynamic check took 0.175724 seconds
5
HR 7
Num of parts: 2
Part size: 8
Finding...
Find took 17.1415 seconds
46663
Preverification took 2.55757 seconds
Dynamic check took 0.176843 seconds
5
HR 8
Num of parts: 2
Part size: 8
Finding...
Find took 17.1986 seconds
46663
Preverification took 2.5572 seconds
Dynamic check took 0.175708 seconds
5
HR 9
Num of parts: 4
Part size: 4
Finding...
Find took 13.7949 seconds
784168
Preverification took 123.354 seconds
Dynamic check took 0.175159 seconds
5
HR 10
Num of parts: 4
Part size: 4
Finding...
Find took 11.5996 seconds
784168
Preverification took 121.341 seconds
Dynamic check took 0.175632 seconds
5
HR 11
Num of parts: 4
Part size: 4
Finding...
Find took 11.8381 seconds
784168
Preverification took 121.548 seconds
Dynamic check took 0.175838 seconds
5
HR 12
Num of parts: 4
Part size: 4
Finding...
