HS 0
Num of parts: 1
Part size: 16
Finding...
Find took 29.5721 seconds
Hashed lines: 1952000 finished hases: 686848
56638
Preverification took 3.91096 seconds
Dynamic check took 0.175353 seconds
5
HS 1
Num of parts: 2
Part size: 8
Finding...
Find took 18.8721 seconds
Hashed lines: 1024000 finished hases: 374128
87468
Preverification took 3.35457 seconds
Dynamic check took 0.175415 seconds
5
HS 2
Num of parts: 2
Part size: 8
Finding...
Find took 19.133 seconds
Hashed lines: 1024000 finished hases: 374128
87468
Preverification took 3.36095 seconds
Dynamic check took 0.177453 seconds
5
HS 3
Num of parts: 2
Part size: 8
Finding...
Find took 19.0681 seconds
Hashed lines: 1024000 finished hases: 374128
87468
Preverification took 3.38258 seconds
Dynamic check took 0.17531 seconds
5
HS 4
Num of parts: 2
Part size: 8
Finding...
Find took 19.8274 seconds
Hashed lines: 1024000 finished hases: 374128
87468
Preverification took 3.76358 seconds
Dynamic check took 0.177203 seconds
5
HS 5
Num of parts: 2
Part size: 8
Finding...
Find took 19.0015 seconds
Hashed lines: 1024000 finished hases: 374128
87468
Preverification took 3.38331 seconds
Dynamic check took 0.175228 seconds
5
HS 6
Num of parts: 2
Part size: 8
Finding...
Find took 18.8557 seconds
Hashed lines: 1024000 finished hases: 374128
87468
Preverification took 3.35335 seconds
Dynamic check took 0.177447 seconds
5
HS 7
Num of parts: 2
Part size: 8
Finding...
Find took 18.887 seconds
Hashed lines: 1024000 finished hases: 374128
87468
Preverification took 3.35609 seconds
Dynamic check took 0.175844 seconds
5
HS 8
Num of parts: 2
Part size: 8
Finding...
Find took 18.9253 seconds
Hashed lines: 1024000 finished hases: 374128
87468
Preverification took 3.36913 seconds
Dynamic check took 0.175119 seconds
5
HS 9
Num of parts: 4
Part size: 4
Finding...
Find took 13.2168 seconds
Hashed lines: 512000 finished hases: 195696
146372
Preverification took 4.90722 seconds
Dynamic check took 0.1758 seconds
5
HS 10
Num of parts: 4
Part size: 4
Finding...
Find took 13.598 seconds
Hashed lines: 512000 finished hases: 195696
146372
Preverification took 5.00536 seconds
Dynamic check took 0.177557 seconds
5
HS 11
Num of parts: 4
Part size: 4
Finding...
Find took 13.3161 seconds
Hashed lines: 512000 finished hases: 195696
146372
Preverification took 5.3358 seconds
Dynamic check took 0.176295 seconds
5
HS 12
Num of parts: 4
Part size: 4
Finding...
Find took 13.3452 seconds
Hashed lines: 512000 finished hases: 195696
146372
Preverification took 4.96362 seconds
Dynamic check took 0.175065 seconds
5
HS 13
Num of parts: 4
Part size: 4
Finding...
Find took 13.2444 seconds
Hashed lines: 512000 finished hases: 195696
146372
Preverification took 5.01366 seconds
Dynamic check took 0.176589 seconds
5
HS 14
Num of parts: 4
Part size: 4
Finding...
Find took 13.44 seconds
Hashed lines: 512000 finished hases: 195696
146372
Preverification took 5.03348 seconds
Dynamic check took 0.175651 seconds
5
HS 15
Num of parts: 4
Part size: 4
Finding...
Find took 12.948 seconds
Hashed lines: 512000 finished hases: 195696
146372
Preverification took 4.93111 seconds
Dynamic check took 0.176005 seconds
5
HS 16
Num of parts: 4
Part size: 4
Finding...
Find took 13.2005 seconds
Hashed lines: 512000 finished hases: 195696
146372
Preverification took 5.51758 seconds
Dynamic check took 0.175788 seconds
5
HS 17
Num of parts: 4
Part size: 4
Finding...
Find took 13.2281 seconds
Hashed lines: 512000 finished hases: 195696
146372
Preverification took 5.36428 seconds
Dynamic check took 0.199584 seconds
5
HS 18
Num of parts: 4
Part size: 4
Finding...
Find took 13.0879 seconds
Hashed lines: 512000 finished hases: 195696
146372
Preverification took 5.36202 seconds
Dynamic check took 0.1769 seconds
5
HS 19
Num of parts: 4
Part size: 4
Finding...
Find took 12.8871 seconds
Hashed lines: 512000 finished hases: 195696
146372
Preverification took 5.36369 seconds
Dynamic check took 0.175142 seconds
5
HS 20
Num of parts: 4
Part size: 4
Finding...
Find took 12.8947 seconds
Hashed lines: 512000 finished hases: 195696
146372
Preverification took 5.31059 seconds
Dynamic check took 0.175299 seconds
5
HS 21
Num of parts: 4
Part size: 4
Finding...
Find took 13.3335 seconds
Hashed lines: 512000 finished hases: 195696
146372
Preverification took 5.30179 seconds
Dynamic check took 0.175192 seconds
5
HS 22
Num of parts: 4
Part size: 4
Finding...
Find took 13.17 seconds
Hashed lines: 512000 finished hases: 195696
146372
Preverification took 5.31986 seconds
Dynamic check took 0.175661 seconds
5
HS 23
Num of parts: 4
Part size: 4
Finding...
Find took 13.3156 seconds
Hashed lines: 512000 finished hases: 195696
146372
Preverification took 5.70461 seconds
Dynamic check took 0.176955 seconds
5
HS 24
Num of parts: 4
Part size: 4
Finding...
Find took 13.2265 seconds
Hashed lines: 512000 finished hases: 195696
146372
Preverification took 5.59707 seconds
Dynamic check took 0.175588 seconds
5
HS 25
Num of parts: 4
Part size: 4
Finding...
Find took 12.9324 seconds
Hashed lines: 512000 finished hases: 195696
146372
Preverification took 5.31211 seconds
Dynamic check took 0.176378 seconds
5
HS 26
Num of parts: 4
Part size: 4
Finding...
Find took 13.2597 seconds
Hashed lines: 512000 finished hases: 195696
146372
Preverification took 5.6051 seconds
Dynamic check took 0.177571 seconds
5
HS 27
Num of parts: 4
Part size: 4
Finding...
Find took 13.0903 seconds
Hashed lines: 512000 finished hases: 195696
146372
Preverification took 5.31508 seconds
Dynamic check took 0.178796 seconds
5
HS 28
Num of parts: 4
Part size: 4
Finding...
Find took 13.0916 seconds
Hashed lines: 512000 finished hases: 195696
146372
Preverification took 5.32176 seconds
Dynamic check took 0.175566 seconds
5
HS 29
Num of parts: 4
Part size: 4
Finding...
Find took 13.2432 seconds
Hashed lines: 512000 finished hases: 195696
146372
Preverification took 5.51312 seconds
Dynamic check took 0.175147 seconds
5
HS 30
Num of parts: 4
Part size: 4
Finding...
Find took 13.2929 seconds
Hashed lines: 512000 finished hases: 195696
146372
Preverification took 5.45369 seconds
Dynamic check took 0.198421 seconds
5
HS 31
Num of parts: 4
Part size: 4
Finding...
Find took 12.882 seconds
Hashed lines: 512000 finished hases: 195696
146372
Preverification took 5.39891 seconds
Dynamic check took 0.188327 seconds
5
HS 32
Num of parts: 4
Part size: 4
Finding...
Find took 12.9042 seconds
Hashed lines: 512000 finished hases: 195696
146372
Preverification took 5.70907 seconds
Dynamic check took 0.175132 seconds
5
HS 33
Num of parts: 4
Part size: 4
Finding...
Find took 13.2405 seconds
Hashed lines: 512000 finished hases: 195696
146372
Preverification took 5.72794 seconds
Dynamic check took 0.175802 seconds
5
HS 34
Num of parts: 4
Part size: 4
Finding...
Find took 13.2717 seconds
Hashed lines: 512000 finished hases: 195696
146372
Preverification took 5.97303 seconds
Dynamic check took 0.197909 seconds
5
HS 35
Num of parts: 4
Part size: 4
Finding...
Find took 12.8868 seconds
Hashed lines: 512000 finished hases: 195696
146372
Preverification took 5.71376 seconds
Dynamic check took 0.175501 seconds
5
HS 36
Num of parts: 4
Part size: 4
Finding...
Find took 13.3251 seconds
Hashed lines: 512000 finished hases: 195696
146372
Preverification took 5.71236 seconds
Dynamic check took 0.175804 seconds
5
HS 37
Num of parts: 4
Part size: 4
Finding...
Find took 13.2203 seconds
Hashed lines: 512000 finished hases: 195696
146372
Preverification took 5.72944 seconds
Dynamic check took 0.175686 seconds
5
HS 38
Num of parts: 4
Part size: 4
Finding...
Find took 12.8801 seconds
Hashed lines: 512000 finished hases: 195696
146372
Preverification took 5.71973 seconds
Dynamic check took 0.176543 seconds
5
HS 39
Num of parts: 4
Part size: 4
Finding...
Find took 13.2633 seconds
Hashed lines: 512000 finished hases: 195696
146372
Preverification took 5.79245 seconds
Dynamic check took 0.175425 seconds
5
HS 40
Num of parts: 4
Part size: 4
Finding...
Find took 13.808 seconds
Hashed lines: 512000 finished hases: 195696
146372
Preverification took 5.85869 seconds
Dynamic check took 0.198032 seconds
5
HS 41
Num of parts: 4
Part size: 4
Finding...
Find took 13.1674 seconds
Hashed lines: 512000 finished hases: 195696
146372
Preverification took 5.73363 seconds
Dynamic check took 0.18437 seconds
5
HS 42
Num of parts: 4
Part size: 4
Finding...
Find took 13.6987 seconds
Hashed lines: 512000 finished hases: 195696
146372
Preverification took 5.74602 seconds
Dynamic check took 0.176256 seconds
5
HS 43
Num of parts: 4
Part size: 4
Finding...
Find took 13.6102 seconds
Hashed lines: 512000 finished hases: 195696
146372
Preverification took 5.82832 seconds
Dynamic check took 0.175375 seconds
5
HS 44
Num of parts: 4
Part size: 4
Finding...
Find took 12.903 seconds
Hashed lines: 512000 finished hases: 195696
146372
Preverification took 5.73867 seconds
Dynamic check took 0.177486 seconds
5
HS 45
Num of parts: 4
Part size: 4
Finding...
Find took 12.9528 seconds
Hashed lines: 512000 finished hases: 195696
146372
Preverification took 5.72459 seconds
Dynamic check took 0.175849 seconds
5
HS 46
Num of parts: 4
Part size: 4
Finding...
Find took 12.9088 seconds
Hashed lines: 512000 finished hases: 195696
146372
Preverification took 5.73669 seconds
Dynamic check took 0.176112 seconds
5
HS 47
Num of parts: 4
Part size: 4
Finding...
Find took 13.2715 seconds
Hashed lines: 512000 finished hases: 195696
146372
Preverification took 6.24981 seconds
Dynamic check took 0.175772 seconds
5
HS 48
Num of parts: 4
Part size: 4
Finding...
Find took 13.5557 seconds
Hashed lines: 512000 finished hases: 195696
146372
Preverification took 6.24409 seconds
Dynamic check took 0.177445 seconds
5
HS 49
Num of parts: 8
Part size: 2
Finding...
Find took 10.3329 seconds
Hashed lines: 256000 finished hases: 105680
305891
Preverification took 12.0225 seconds
Dynamic check took 0.175539 seconds
5
HS 50
Num of parts: 8
Part size: 2
Finding...
Find took 10.3579 seconds
Hashed lines: 256000 finished hases: 105680
305891
Preverification took 11.594 seconds
Dynamic check took 0.175907 seconds
5
HS 51
Num of parts: 8
Part size: 2
Finding...
Find took 9.94151 seconds
Hashed lines: 256000 finished hases: 105680
305891
Preverification took 11.578 seconds
Dynamic check took 0.175381 seconds
5
HS 52
Num of parts: 8
Part size: 2
Finding...
Find took 10.3506 seconds
Hashed lines: 256000 finished hases: 105680
305891
Preverification took 11.6249 seconds
Dynamic check took 0.17783 seconds
5
HS 53
Num of parts: 8
Part size: 2
Finding...
Find took 10.0592 seconds
Hashed lines: 256000 finished hases: 105680
305891
Preverification took 13.0658 seconds
Dynamic check took 0.175152 seconds
5
HS 54
Num of parts: 8
Part size: 2
Finding...
Find took 10.385 seconds
Hashed lines: 256000 finished hases: 105680
305891
Preverification took 12.028 seconds
Dynamic check took 0.177001 seconds
5
HS 55
Num of parts: 8
Part size: 2
Finding...
Find took 10.5443 seconds
Hashed lines: 256000 finished hases: 105680
305891
Preverification took 12.023 seconds
Dynamic check took 0.198045 seconds
5
HS 56
Num of parts: 8
Part size: 2
Finding...
Find took 10.3964 seconds
Hashed lines: 256000 finished hases: 105680
305891
Preverification took 11.5696 seconds
Dynamic check took 0.176508 seconds
5
HS 57
Num of parts: 8
Part size: 2
Finding...
Find took 9.93593 seconds
Hashed lines: 256000 finished hases: 105680
305891
Preverification took 11.7334 seconds
Dynamic check took 0.19906 seconds
5
HS 58
Num of parts: 8
Part size: 2
Finding...
Find took 10.412 seconds
Hashed lines: 256000 finished hases: 105680
305891
Preverification took 11.5971 seconds
Dynamic check took 0.177134 seconds
5
HS 59
Num of parts: 8
Part size: 2
Finding...
Find took 10.3897 seconds
Hashed lines: 256000 finished hases: 105680
305891
Preverification took 11.8975 seconds
Dynamic check took 0.175437 seconds
5
HS 60
Num of parts: 8
Part size: 2
Finding...
Find took 10.0222 seconds
Hashed lines: 256000 finished hases: 105680
305891
Preverification took 11.6089 seconds
Dynamic check took 0.175832 seconds
5
HS 61
Num of parts: 8
Part size: 2
Finding...
Find took 10.4053 seconds
Hashed lines: 256000 finished hases: 105680
305891
Preverification took 12.3822 seconds
Dynamic check took 0.17547 seconds
5
HS 62
Num of parts: 8
Part size: 2
Finding...
Find took 10.3319 seconds
Hashed lines: 256000 finished hases: 105680
305891
Preverification took 11.6156 seconds
Dynamic check took 0.175297 seconds
5
HS 63
Num of parts: 8
Part size: 2
Finding...
Find took 10.4155 seconds
Hashed lines: 256000 finished hases: 105680
305891
Preverification took 12.0529 seconds
Dynamic check took 0.197928 seconds
5
HS 64
Num of parts: 8
Part size: 2
Finding...
Find took 9.98067 seconds
Hashed lines: 256000 finished hases: 105680
305891
Preverification took 12.4547 seconds
Dynamic check took 0.175294 seconds
5
HS 65
Num of parts: 8
Part size: 2
Finding...
Find took 9.99626 seconds
Hashed lines: 256000 finished hases: 105680
305891
Preverification took 12.4479 seconds
Dynamic check took 0.176003 seconds
5
HS 66
Num of parts: 8
Part size: 2
Finding...
Find took 9.95008 seconds
Hashed lines: 256000 finished hases: 105680
305891
Preverification took 12.7896 seconds
Dynamic check took 0.175216 seconds
5
HS 67
Num of parts: 8
Part size: 2
Finding...
Find took 10.1994 seconds
Hashed lines: 256000 finished hases: 105680
305891
Preverification took 12.8819 seconds
Dynamic check took 0.176263 seconds
5
HS 68
Num of parts: 8
Part size: 2
Finding...
Find took 10.2619 seconds
Hashed lines: 256000 finished hases: 105680
305891
Preverification took 12.4338 seconds
Dynamic check took 0.175502 seconds
5
HS 69
Num of parts: 8
Part size: 2
Finding...
Find took 10.3439 seconds
Hashed lines: 256000 finished hases: 105680
305891
Preverification took 12.9537 seconds
Dynamic check took 0.175584 seconds
5
HS 70
Num of parts: 8
Part size: 2
Finding...
Find took 9.96107 seconds
Hashed lines: 256000 finished hases: 105680
305891
Preverification took 12.4459 seconds
Dynamic check took 0.1764 seconds
5
HS 71
Num of parts: 8
Part size: 2
Finding...
Find took 10.2864 seconds
Hashed lines: 256000 finished hases: 105680
305891
Preverification took 12.5082 seconds
Dynamic check took 0.175566 seconds
5
HS 72
Num of parts: 8
Part size: 2
Finding...
Find took 10.3464 seconds
Hashed lines: 256000 finished hases: 105680
305891
Preverification took 12.433 seconds
Dynamic check took 0.175166 seconds
5
HS 73
Num of parts: 8
Part size: 2
Finding...
Find took 9.9963 seconds
Hashed lines: 256000 finished hases: 105680
305891
Preverification took 12.4457 seconds
Dynamic check took 0.175558 seconds
5
HS 74
Num of parts: 8
Part size: 2
Finding...
Find took 9.98657 seconds
Hashed lines: 256000 finished hases: 105680
305891
Preverification took 12.45 seconds
Dynamic check took 0.177461 seconds
5
HS 75
Num of parts: 8
Part size: 2
Finding...
Find took 9.95565 seconds
Hashed lines: 256000 finished hases: 105680
305891
Preverification took 12.4796 seconds
Dynamic check took 0.176498 seconds
5
HS 76
Num of parts: 8
Part size: 2
Finding...
Find took 9.96019 seconds
Hashed lines: 256000 finished hases: 105680
305891
Preverification took 12.4478 seconds
Dynamic check took 0.175335 seconds
5
HS 77
Num of parts: 8
Part size: 2
Finding...
Find took 10.0696 seconds
Hashed lines: 256000 finished hases: 105680
305891
Preverification took 12.4769 seconds
Dynamic check took 0.176692 seconds
5
HS 78
Num of parts: 8
Part size: 2
Finding...
Find took 9.95325 seconds
Hashed lines: 256000 finished hases: 105680
305891
Preverification took 12.8974 seconds
Dynamic check took 0.175466 seconds
5
HS 79
Num of parts: 8
Part size: 2
Finding...
Find took 10.3906 seconds
Hashed lines: 256000 finished hases: 105680
305891
Preverification took 12.649 seconds
Dynamic check took 0.17563 seconds
5
HS 80
Num of parts: 8
Part size: 2
Finding...
Find took 9.95717 seconds
Hashed lines: 256000 finished hases: 105680
305891
Preverification took 13.2504 seconds
Dynamic check took 0.175256 seconds
5
HS 81
Num of parts: 8
Part size: 2
Finding...
Find took 9.98213 seconds
Hashed lines: 256000 finished hases: 105680
305891
Preverification took 13.2832 seconds
Dynamic check took 0.176017 seconds
5
HS 82
Num of parts: 8
Part size: 2
Finding...
Find took 9.96143 seconds
Hashed lines: 256000 finished hases: 105680
305891
Preverification took 13.6547 seconds
Dynamic check took 0.17723 seconds
5
HS 83
Num of parts: 8
Part size: 2
Finding...
Find took 10.3895 seconds
Hashed lines: 256000 finished hases: 105680
305891
Preverification took 13.2619 seconds
Dynamic check took 0.175336 seconds
5
HS 84
Num of parts: 8
Part size: 2
Finding...
Find took 10.3399 seconds
Hashed lines: 256000 finished hases: 105680
305891
Preverification took 13.273 seconds
Dynamic check took 0.175196 seconds
5
HS 85
Num of parts: 8
Part size: 2
Finding...
Find took 9.96988 seconds
Hashed lines: 256000 finished hases: 105680
305891
Preverification took 13.2741 seconds
Dynamic check took 0.175333 seconds
5
HS 86
Num of parts: 8
Part size: 2
Finding...
Find took 9.95785 seconds
Hashed lines: 256000 finished hases: 105680
305891
Preverification took 13.3089 seconds
Dynamic check took 0.177102 seconds
5
HS 87
Num of parts: 8
Part size: 2
Finding...
Find took 10.2936 seconds
Hashed lines: 256000 finished hases: 105680
305891
Preverification took 13.2966 seconds
Dynamic check took 0.175409 seconds
5
HS 88
Num of parts: 8
Part size: 2
Finding...
Find took 9.9506 seconds
Hashed lines: 256000 finished hases: 105680
305891
Preverification took 13.3214 seconds
Dynamic check took 0.176699 seconds
5
HS 89
Num of parts: 8
Part size: 2
Finding...
Find took 9.959 seconds
Hashed lines: 256000 finished hases: 105680
305891
Preverification took 13.3048 seconds
Dynamic check took 0.176003 seconds
5
HS 90
Num of parts: 8
Part size: 2
Finding...
Find took 9.94417 seconds
Hashed lines: 256000 finished hases: 105680
305891
Preverification took 13.304 seconds
Dynamic check took 0.198041 seconds
5
HS 91
Num of parts: 8
Part size: 2
Finding...
Find took 9.96018 seconds
Hashed lines: 256000 finished hases: 105680
305891
Preverification took 13.316 seconds
Dynamic check took 0.175328 seconds
5
HS 92
Num of parts: 8
Part size: 2
Finding...
Find took 10.0273 seconds
Hashed lines: 256000 finished hases: 105680
305891
Preverification took 13.2875 seconds
Dynamic check took 0.176369 seconds
5
HS 93
Num of parts: 8
Part size: 2
Finding...
Find took 9.95711 seconds
Hashed lines: 256000 finished hases: 105680
305891
Preverification took 13.3504 seconds
Dynamic check took 0.206001 seconds
5
HS 94
Num of parts: 8
Part size: 2
Finding...
Find took 9.95148 seconds
Hashed lines: 256000 finished hases: 105680
305891
Preverification took 13.3437 seconds
Dynamic check took 0.175466 seconds
5
HS 95
Num of parts: 8
Part size: 2
Finding...
Find took 9.95132 seconds
Hashed lines: 256000 finished hases: 105680
305891
Preverification took 13.9122 seconds
Dynamic check took 0.176544 seconds
5
HS 96
Num of parts: 8
Part size: 2
Finding...
Find took 9.94502 seconds
Hashed lines: 256000 finished hases: 105680
305891
Preverification took 14.1834 seconds
Dynamic check took 0.175237 seconds
5
HS 97
Num of parts: 8
Part size: 2
Finding...
Find took 10.2795 seconds
Hashed lines: 256000 finished hases: 105680
305891
Preverification took 14.1753 seconds
Dynamic check took 0.175252 seconds
5
HS 98
Num of parts: 8
Part size: 2
Finding...
Find took 9.94826 seconds
Hashed lines: 256000 finished hases: 105680
305891
Preverification took 14.1949 seconds
Dynamic check took 0.180205 seconds
5
HS 99
Num of parts: 8
Part size: 2
Finding...
Find took 10.3557 seconds
Hashed lines: 256000 finished hases: 105680
305891
Preverification took 14.2397 seconds
Dynamic check took 0.176186 seconds
5
HS 100
Num of parts: 8
Part size: 2
Finding...
Find took 10.2721 seconds
Hashed lines: 256000 finished hases: 105680
305891
Preverification took 14.1534 seconds
Dynamic check took 0.175904 seconds
5
HS 101
Num of parts: 8
Part size: 2
Finding...
Find took 9.98773 seconds
Hashed lines: 256000 finished hases: 105680
305891
Preverification took 14.1532 seconds
Dynamic check took 0.176037 seconds
5
HS 102
Num of parts: 8
Part size: 2
Finding...
Find took 10.0232 seconds
Hashed lines: 256000 finished hases: 105680
305891
Preverification took 14.1356 seconds
Dynamic check took 0.175267 seconds
5
HS 103
Num of parts: 8
Part size: 2
Finding...
Find took 9.98519 seconds
Hashed lines: 256000 finished hases: 105680
305891
Preverification took 14.1853 seconds
Dynamic check took 0.175298 seconds
5
HS 104
Num of parts: 8
Part size: 2
Finding...
Find took 9.97595 seconds
Hashed lines: 256000 finished hases: 105680
305891
Preverification took 14.2119 seconds
Dynamic check took 0.175368 seconds
5
HS 105
Num of parts: 8
Part size: 2
Finding...
Find took 9.96559 seconds
Hashed lines: 256000 finished hases: 105680
305891
Preverification took 14.1523 seconds
Dynamic check took 0.175459 seconds
5
HS 106
Num of parts: 8
Part size: 2
Finding...
Find took 9.95055 seconds
Hashed lines: 256000 finished hases: 105680
305891
Preverification took 14.1521 seconds
Dynamic check took 0.175432 seconds
5
HS 107
Num of parts: 8
Part size: 2
Finding...
Find took 9.96388 seconds
Hashed lines: 256000 finished hases: 105680
305891
Preverification took 14.1626 seconds
Dynamic check took 0.175462 seconds
5
HS 108
Num of parts: 8
Part size: 2
Finding...
Find took 10.0011 seconds
Hashed lines: 256000 finished hases: 105680
305891
Preverification took 14.2391 seconds
Dynamic check took 0.182845 seconds
5
HS 109
Num of parts: 8
Part size: 2
Finding...
Find took 9.94975 seconds
Hashed lines: 256000 finished hases: 105680
305891
Preverification took 14.2198 seconds
Dynamic check took 0.176385 seconds
5
HS 110
Num of parts: 8
Part size: 2
Finding...
Find took 9.96389 seconds
Hashed lines: 256000 finished hases: 105680
305891
Preverification took 14.2253 seconds
Dynamic check took 0.17562 seconds
5
HS 111
Num of parts: 8
Part size: 2
Finding...
Find took 10.4092 seconds
Hashed lines: 256000 finished hases: 105680
305891
Preverification took 14.9163 seconds
Dynamic check took 0.176444 seconds
5
HS 112
Num of parts: 8
Part size: 2
Finding...
Find took 10.4259 seconds
Hashed lines: 256000 finished hases: 105680
305891
Preverification took 15.5239 seconds
Dynamic check took 0.176642 seconds
5
HS 113
Num of parts: 8
Part size: 2
Finding...
Find took 10.3112 seconds
Hashed lines: 256000 finished hases: 105680
305891
Preverification took 15.2217 seconds
Dynamic check took 0.176285 seconds
5
HS 114
Num of parts: 8
Part size: 2
Finding...
Find took 10.4013 seconds
Hashed lines: 256000 finished hases: 105680
305891
Preverification took 14.9938 seconds
Dynamic check took 0.175498 seconds
5
HS 115
Num of parts: 8
Part size: 2
Finding...
Find took 10.3917 seconds
Hashed lines: 256000 finished hases: 105680
305891
Preverification took 15.0334 seconds
Dynamic check took 0.175282 seconds
5
HS 116
Num of parts: 8
Part size: 2
Finding...
Find took 9.98541 seconds
Hashed lines: 256000 finished hases: 105680
305891
Preverification took 15.0707 seconds
Dynamic check took 0.175347 seconds
5
HS 117
Num of parts: 8
Part size: 2
Finding...
Find took 10.134 seconds
Hashed lines: 256000 finished hases: 105680
305891
Preverification took 15.0112 seconds
Dynamic check took 0.177996 seconds
5
HS 118
Num of parts: 8
Part size: 2
Finding...
Find took 10.0547 seconds
Hashed lines: 256000 finished hases: 105680
305891
Preverification took 15.0124 seconds
Dynamic check took 0.1753 seconds
5
HS 119
Num of parts: 8
Part size: 2
Finding...
Find took 9.99048 seconds
Hashed lines: 256000 finished hases: 105680
305891
Preverification took 14.9964 seconds
Dynamic check took 0.175682 seconds
5
HS 120
Num of parts: 8
Part size: 2
Finding...
Find took 9.959 seconds
Hashed lines: 256000 finished hases: 105680
305891
Preverification took 14.9867 seconds
Dynamic check took 0.175291 seconds
5
HS 121
Num of parts: 8
Part size: 2
Finding...
Find took 10.4052 seconds
Hashed lines: 256000 finished hases: 105680
305891
Preverification took 15.0607 seconds
Dynamic check took 0.176409 seconds
5
HS 122
Num of parts: 8
Part size: 2
Finding...
Find took 9.96258 seconds
Hashed lines: 256000 finished hases: 105680
305891
Preverification took 15.0771 seconds
Dynamic check took 0.175493 seconds
5
HS 123
Num of parts: 8
Part size: 2
Finding...
Find took 10.2154 seconds
Hashed lines: 256000 finished hases: 105680
305891
Preverification took 15.0411 seconds
Dynamic check took 0.175228 seconds
5
HS 124
Num of parts: 8
Part size: 2
Finding...
Find took 10.3617 seconds
Hashed lines: 256000 finished hases: 105680
305891
Preverification took 15.0412 seconds
Dynamic check took 0.180422 seconds
5
HS 125
Num of parts: 8
Part size: 2
Finding...
Find took 9.94541 seconds
Hashed lines: 256000 finished hases: 105680
305891
Preverification took 14.9922 seconds
Dynamic check took 0.175367 seconds
5
HS 126
Num of parts: 8
Part size: 2
Finding...
Find took 9.94342 seconds
Hashed lines: 256000 finished hases: 105680
305891
Preverification took 15.0842 seconds
Dynamic check took 0.175665 seconds
5
HS 127
Num of parts: 8
Part size: 2
Finding...
Find took 9.96969 seconds
Hashed lines: 256000 finished hases: 105680
305891
Preverification took 15.3594 seconds
Dynamic check took 0.177367 seconds
5
HS 128
Num of parts: 8
Part size: 2
Finding...
Find took 9.9491 seconds
Hashed lines: 256000 finished hases: 105680
305891
Preverification took 15.8393 seconds
Dynamic check took 0.175551 seconds
5
